# JRE version: Java(TM) SE Runtime Environment (8.0_71-b15) (build 1.8.0_71-b15)
# Java VM: Java HotSpot(TM) 64-Bit Server VM (25.71-b15 mixed mode windows-amd64 compressed oops)
Heap:
 PSYoungGen      total 68608K, used 34673K [0x00000000d5580000, 0x00000000de080000, 0x0000000100000000)
  eden space 64000K, 47% used [0x00000000d5580000,0x00000000d7328478,0x00000000d9400000)
  from space 4608K, 93% used [0x00000000dd000000,0x00000000dd434010,0x00000000dd480000)
  to   space 12288K, 0% used [0x00000000dd480000,0x00000000dd480000,0x00000000de080000)
 ParOldGen       total 175104K, used 134846K [0x0000000080000000, 0x000000008ab00000, 0x00000000d5580000)
  object space 175104K, 77% used [0x0000000080000000,0x00000000883af988,0x000000008ab00000)
 Metaspace       used 20748K, capacity 21091K, committed 21296K, reserved 1069056K
  class space    used 2271K, capacity 2356K, committed 2432K, reserved 1048576K
GC Heap History (10 events):
Event: 3.712 GC heap before
{Heap before GC invocations=1 (full 0):
 PSYoungGen      total 76288K, used 65536K [0x00000000d5580000, 0x00000000daa80000, 0x0000000100000000)
  eden space 65536K, 100% used [0x00000000d5580000,0x00000000d9580000,0x00000000d9580000)
  from space 10752K, 0% used [0x00000000da000000,0x00000000da000000,0x00000000daa80000)
  to   space 10752K, 0% used [0x00000000d9580000,0x00000000d9580000,0x00000000da000000)
 ParOldGen       total 175104K, used 131383K [0x0000000080000000, 0x000000008ab00000, 0x00000000d5580000)
  object space 175104K, 75% used [0x0000000080000000,0x000000008804def0,0x000000008ab00000)
 Metaspace       used 12208K, capacity 12357K, committed 12544K, reserved 1060864K
  class space    used 1398K, capacity 1462K, committed 1536K, reserved 1048576K
Event: 3.719 GC heap after
Heap after GC invocations=1 (full 0):
 PSYoungGen      total 76288K, used 6688K [0x00000000d5580000, 0x00000000daa80000, 0x0000000100000000)
  eden space 65536K, 0% used [0x00000000d5580000,0x00000000d5580000,0x00000000d9580000)
  from space 10752K, 62% used [0x00000000d9580000,0x00000000d9c08210,0x00000000da000000)
  to   space 10752K, 0% used [0x00000000da000000,0x00000000da000000,0x00000000daa80000)
 ParOldGen       total 175104K, used 131399K [0x0000000080000000, 0x000000008ab00000, 0x00000000d5580000)
  object space 175104K, 75% used [0x0000000080000000,0x0000000088051ef0,0x000000008ab00000)
 Metaspace       used 12208K, capacity 12357K, committed 12544K, reserved 1060864K
  class space    used 1398K, capacity 1462K, committed 1536K, reserved 1048576K
}
Event: 4.184 GC heap before
{Heap before GC invocations=2 (full 0):
 PSYoungGen      total 76288K, used 72224K [0x00000000d5580000, 0x00000000daa80000, 0x0000000100000000)
  eden space 65536K, 100% used [0x00000000d5580000,0x00000000d9580000,0x00000000d9580000)
  from space 10752K, 62% used [0x00000000d9580000,0x00000000d9c08210,0x00000000da000000)
  to   space 10752K, 0% used [0x00000000da000000,0x00000000da000000,0x00000000daa80000)
 ParOldGen       total 175104K, used 131399K [0x0000000080000000, 0x000000008ab00000, 0x00000000d5580000)
  object space 175104K, 75% used [0x0000000080000000,0x0000000088051ef0,0x000000008ab00000)
 Metaspace       used 16071K, capacity 16269K, committed 16640K, reserved 1064960K
  class space    used 1831K, capacity 1934K, committed 2048K, reserved 1048576K
Event: 4.195 GC heap after
Heap after GC invocations=2 (full 0):
 PSYoungGen      total 76288K, used 10736K [0x00000000d5580000, 0x00000000dea80000, 0x0000000100000000)
  eden space 65536K, 0% used [0x00000000d5580000,0x00000000d5580000,0x00000000d9580000)
  from space 10752K, 99% used [0x00000000da000000,0x00000000daa7c090,0x00000000daa80000)
  to   space 10752K, 0% used [0x00000000d9580000,0x00000000d9580000,0x00000000da000000)
 ParOldGen       total 175104K, used 134758K [0x0000000080000000, 0x000000008ab00000, 0x00000000d5580000)
  object space 175104K, 76% used [0x0000000080000000,0x0000000088399978,0x000000008ab00000)
 Metaspace       used 16071K, capacity 16269K, committed 16640K, reserved 1064960K
  class space    used 1831K, capacity 1934K, committed 2048K, reserved 1048576K
}
Event: 4.437 GC heap before
{Heap before GC invocations=3 (full 0):
 PSYoungGen      total 76288K, used 76272K [0x00000000d5580000, 0x00000000dea80000, 0x0000000100000000)
  eden space 65536K, 100% used [0x00000000d5580000,0x00000000d9580000,0x00000000d9580000)
  from space 10752K, 99% used [0x00000000da000000,0x00000000daa7c090,0x00000000daa80000)
  to   space 10752K, 0% used [0x00000000d9580000,0x00000000d9580000,0x00000000da000000)
 ParOldGen       total 175104K, used 134758K [0x0000000080000000, 0x000000008ab00000, 0x00000000d5580000)
  object space 175104K, 76% used [0x0000000080000000,0x0000000088399978,0x000000008ab00000)
 Metaspace       used 18068K, capacity 18309K, committed 18560K, reserved 1064960K
  class space    used 2051K, capacity 2139K, committed 2176K, reserved 1048576K
Event: 4.441 GC heap after
Heap after GC invocations=3 (full 0):
 PSYoungGen      total 76288K, used 8259K [0x00000000d5580000, 0x00000000dea80000, 0x0000000100000000)
  eden space 65536K, 0% used [0x00000000d5580000,0x00000000d5580000,0x00000000d9580000)
  from space 10752K, 76% used [0x00000000d9580000,0x00000000d9d90f78,0x00000000da000000)
  to   space 10752K, 0% used [0x00000000de000000,0x00000000de000000,0x00000000dea80000)
 ParOldGen       total 175104K, used 134766K [0x0000000080000000, 0x000000008ab00000, 0x00000000d5580000)
  object space 175104K, 76% used [0x0000000080000000,0x000000008839b978,0x000000008ab00000)
 Metaspace       used 18068K, capacity 18309K, committed 18560K, reserved 1064960K
  class space    used 2051K, capacity 2139K, committed 2176K, reserved 1048576K
}
Event: 21.964 GC heap before
{Heap before GC invocations=4 (full 0):
 PSYoungGen      total 76288K, used 73795K [0x00000000d5580000, 0x00000000dea80000, 0x0000000100000000)
  eden space 65536K, 100% used [0x00000000d5580000,0x00000000d9580000,0x00000000d9580000)
  from space 10752K, 76% used [0x00000000d9580000,0x00000000d9d90f78,0x00000000da000000)
  to   space 10752K, 0% used [0x00000000de000000,0x00000000de000000,0x00000000dea80000)
 ParOldGen       total 175104K, used 134766K [0x0000000080000000, 0x000000008ab00000, 0x00000000d5580000)
  object space 175104K, 76% used [0x0000000080000000,0x000000008839b978,0x000000008ab00000)
 Metaspace       used 20425K, capacity 20759K, committed 21120K, reserved 1069056K
  class space    used 2267K, capacity 2354K, committed 2432K, reserved 1048576K
Event: 21.970 GC heap after
Heap after GC invocations=4 (full 0):
 PSYoungGen      total 70656K, used 4624K [0x00000000d5580000, 0x00000000de500000, 0x0000000100000000)
  eden space 65536K, 0% used [0x00000000d5580000,0x00000000d5580000,0x00000000d9580000)
  from space 5120K, 90% used [0x00000000de000000,0x00000000de484030,0x00000000de500000)
  to   space 10752K, 0% used [0x00000000dd000000,0x00000000dd000000,0x00000000dda80000)
 ParOldGen       total 175104K, used 134838K [0x0000000080000000, 0x000000008ab00000, 0x00000000d5580000)
  object space 175104K, 77% used [0x0000000080000000,0x00000000883ad988,0x000000008ab00000)
 Metaspace       used 20425K, capacity 20759K, committed 21120K, reserved 1069056K
  class space    used 2267K, capacity 2354K, committed 2432K, reserved 1048576K
}
Event: 22.960 GC heap before
{Heap before GC invocations=5 (full 0):
 PSYoungGen      total 70656K, used 70160K [0x00000000d5580000, 0x00000000de500000, 0x0000000100000000)
  eden space 65536K, 100% used [0x00000000d5580000,0x00000000d9580000,0x00000000d9580000)
  from space 5120K, 90% used [0x00000000de000000,0x00000000de484030,0x00000000de500000)
  to   space 10752K, 0% used [0x00000000dd000000,0x00000000dd000000,0x00000000dda80000)
 ParOldGen       total 175104K, used 134838K [0x0000000080000000, 0x000000008ab00000, 0x00000000d5580000)
  object space 175104K, 77% used [0x0000000080000000,0x00000000883ad988,0x000000008ab00000)
 Metaspace       used 20704K, capacity 21091K, committed 21296K, reserved 1069056K
  class space    used 2271K, capacity 2356K, committed 2432K, reserved 1048576K
Event: 22.966 GC heap after
Heap after GC invocations=5 (full 0):
 PSYoungGen      total 68608K, used 4304K [0x00000000d5580000, 0x00000000de080000, 0x0000000100000000)
  eden space 64000K, 0% used [0x00000000d5580000,0x00000000d5580000,0x00000000d9400000)
  from space 4608K, 93% used [0x00000000dd000000,0x00000000dd434010,0x00000000dd480000)
  to   space 12288K, 0% used [0x00000000dd480000,0x00000000dd480000,0x00000000de080000)
 ParOldGen       total 175104K, used 134846K [0x0000000080000000, 0x000000008ab00000, 0x00000000d5580000)
  object space 175104K, 77% used [0x0000000080000000,0x00000000883af988,0x000000008ab00000)
 Metaspace       used 20704K, capacity 21091K, committed 21296K, reserved 1069056K
  class space    used 2271K, capacity 2356K, committed 2432K, reserved 1048576K
}

